<?xml version="1.0" encoding="UTF-8"?>
<!-- Generated by org.testng.reporters.JUnitReportReporter -->
<testsuite hostname="DESKTOP-L4E4JN3" failures="0" tests="1" name="com.herokuapp.theinternet.ExceptionsTests" time="5.444" errors="0" timestamp="2021-11-25T17:27:02 EET" skipped="0">
  <testcase classname="com.herokuapp.theinternet.ExceptionsTests" name="disabledElementTest" time="5.444"/>
  <system-out/>
</testsuite> <!-- com.herokuapp.theinternet.ExceptionsTests -->
