<?xml version="1.0" encoding="UTF-8"?>
<!-- Generated by org.testng.reporters.JUnitReportReporter -->
<testsuite hostname="DESKTOP-L4E4JN3" failures="0" tests="1" name="com.herokuapp.theinternet.PositiveTest" time="20.268" errors="0" timestamp="2021-11-24T10:54:42 EET" skipped="0">
  <testcase classname="com.herokuapp.theinternet.PositiveTest" name="loginTest" time="20.268"/>
  <system-out/>
</testsuite> <!-- com.herokuapp.theinternet.PositiveTest -->
