<?xml version="1.0" encoding="UTF-8"?>
<!-- Generated by org.testng.reporters.JUnitReportReporter -->
<testsuite hostname="DESKTOP-L4E4JN3" failures="0" tests="1" name="com.herokuapp.theinternet.LoginTest" time="15.208" errors="0" timestamp="2021-11-25T15:42:08 EET" skipped="0">
  <testcase classname="com.herokuapp.theinternet.LoginTest" name="positiveLoginTest" time="15.208"/>
  <system-out/>
</testsuite> <!-- com.herokuapp.theinternet.LoginTest -->
