<?xml version="1.0" encoding="UTF-8"?>
<!-- Generated by org.testng.reporters.JUnitReportReporter -->
<testsuite hostname="DESKTOP-L4E4JN3" failures="0" tests="2" name="com.herokuapp.theinternet.NegativeTest" time="14.823" errors="0" timestamp="2021-11-24T15:11:13 EET" skipped="0">
  <testcase classname="com.herokuapp.theinternet.NegativeTest" name="negativeLoginTest" time="8.012"/>
  <system-out/>
  <testcase classname="com.herokuapp.theinternet.NegativeTest" name="negativeLoginTest" time="6.811"/>
  <system-out/>
</testsuite> <!-- com.herokuapp.theinternet.NegativeTest -->
