<?xml version="1.0" encoding="UTF-8"?>
<!-- Generated by org.testng.reporters.JUnitReportReporter -->
<testsuite hostname="DESKTOP-L4E4JN3" failures="0" tests="1" name="com.herokuapp.theinternet.MyTest" time="8.204" errors="0" timestamp="2021-12-02T17:17:21 EET" skipped="0">
  <testcase classname="com.herokuapp.theinternet.MyTest" name="keyPress" time="8.204"/>
  <system-out/>
</testsuite> <!-- com.herokuapp.theinternet.MyTest -->
